0 info it worked if it ends with ok
1 verbose cli [ '/home/rexagod/.nvm/versions/node/v6.17.1/bin/node',
1 verbose cli   '/home/rexagod/.nvm/versions/node/v6.17.1/bin/npm',
1 verbose cli   'i',
1 verbose cli   '-g',
1 verbose cli   'now' ]
2 info using npm@3.10.10
3 info using node@v6.17.1
4 silly loadCurrentTree Starting
5 silly install loadCurrentTree
6 silly install readGlobalPackageData
7 silly fetchPackageMetaData now
8 silly fetchNamedPackageData now
9 silly mapToRegistry name now
10 silly mapToRegistry using default registry
11 silly mapToRegistry registry https://registry.npmjs.org/
12 silly mapToRegistry data Result {
12 silly mapToRegistry   raw: 'now',
12 silly mapToRegistry   scope: null,
12 silly mapToRegistry   escapedName: 'now',
12 silly mapToRegistry   name: 'now',
12 silly mapToRegistry   rawSpec: '',
12 silly mapToRegistry   spec: 'latest',
12 silly mapToRegistry   type: 'tag' }
13 silly mapToRegistry uri https://registry.npmjs.org/now
14 verbose request uri https://registry.npmjs.org/now
15 verbose request no auth needed
16 info attempt registry request try #1 at 9:17:03 AM
17 verbose request id 6cb0ff01ffaf2f04
18 http request GET https://registry.npmjs.org/now
19 http 200 https://registry.npmjs.org/now
20 verbose headers { date: 'Sun, 05 May 2019 03:47:04 GMT',
20 verbose headers   'content-type': 'application/json',
20 verbose headers   'transfer-encoding': 'chunked',
20 verbose headers   connection: 'keep-alive',
20 verbose headers   'set-cookie': [ '__cfduid=d6f77598814e40035a4c4ca09f1d398ca1557028023; expires=Mon, 04-May-20 03:47:03 GMT; path=/; domain=.registry.npmjs.org; HttpOnly' ],
20 verbose headers   'cf-cache-status': 'REVALIDATED',
20 verbose headers   'cache-control': 'max-age=300',
20 verbose headers   'cf-ray': '4d1fbb1c3e4788b8-BOM',
20 verbose headers   etag: 'W/"aefdaca7dfcc07346a03e28556934522"',
20 verbose headers   'expect-ct': 'max-age=604800, report-uri="https://report-uri.cloudflare.com/cdn-cgi/beacon/expect-ct"',
20 verbose headers   'last-modified': 'Sat, 04 May 2019 00:36:00 GMT',
20 verbose headers   vary: 'accept-encoding, accept',
20 verbose headers   'x-amz-meta-rev': '878-e755c988b5fefb04067e378c7c117f49',
20 verbose headers   server: 'cloudflare',
20 verbose headers   'content-encoding': 'gzip' }
21 silly get cb [ 200,
21 silly get   { date: 'Sun, 05 May 2019 03:47:04 GMT',
21 silly get     'content-type': 'application/json',
21 silly get     'transfer-encoding': 'chunked',
21 silly get     connection: 'keep-alive',
21 silly get     'set-cookie': [ '__cfduid=d6f77598814e40035a4c4ca09f1d398ca1557028023; expires=Mon, 04-May-20 03:47:03 GMT; path=/; domain=.registry.npmjs.org; HttpOnly' ],
21 silly get     'cf-cache-status': 'REVALIDATED',
21 silly get     'cache-control': 'max-age=300',
21 silly get     'cf-ray': '4d1fbb1c3e4788b8-BOM',
21 silly get     etag: 'W/"aefdaca7dfcc07346a03e28556934522"',
21 silly get     'expect-ct': 'max-age=604800, report-uri="https://report-uri.cloudflare.com/cdn-cgi/beacon/expect-ct"',
21 silly get     'last-modified': 'Sat, 04 May 2019 00:36:00 GMT',
21 silly get     vary: 'accept-encoding, accept',
21 silly get     'x-amz-meta-rev': '878-e755c988b5fefb04067e378c7c117f49',
21 silly get     server: 'cloudflare',
21 silly get     'content-encoding': 'gzip' } ]
22 verbose get saving now to /home/rexagod/.npm/registry.npmjs.org/now/.cache.json
23 verbose correctMkdir /home/rexagod/.npm correctMkdir not in flight; initializing
24 silly install normalizeTree
25 silly loadCurrentTree Finishing
26 silly loadIdealTree Starting
27 silly install loadIdealTree
28 silly cloneCurrentTree Starting
29 silly install cloneCurrentTreeToIdealTree
30 silly cloneCurrentTree Finishing
31 silly loadShrinkwrap Starting
32 silly install loadShrinkwrap
33 silly loadShrinkwrap Finishing
34 silly loadAllDepsIntoIdealTree Starting
35 silly install loadAllDepsIntoIdealTree
36 silly resolveWithNewModule now@15.1.0 checking installable status
37 silly cache add args [ 'now', null ]
38 verbose cache add spec now
39 silly cache add parsed spec Result {
39 silly cache add   raw: 'now',
39 silly cache add   scope: null,
39 silly cache add   escapedName: 'now',
39 silly cache add   name: 'now',
39 silly cache add   rawSpec: '',
39 silly cache add   spec: 'latest',
39 silly cache add   type: 'tag' }
40 silly addNamed now@latest
41 verbose addNamed "latest" is being treated as a dist-tag for now
42 info addNameTag [ 'now', 'latest' ]
43 silly mapToRegistry name now
44 silly mapToRegistry using default registry
45 silly mapToRegistry registry https://registry.npmjs.org/
46 silly mapToRegistry data Result {
46 silly mapToRegistry   raw: 'now',
46 silly mapToRegistry   scope: null,
46 silly mapToRegistry   escapedName: 'now',
46 silly mapToRegistry   name: 'now',
46 silly mapToRegistry   rawSpec: '',
46 silly mapToRegistry   spec: 'latest',
46 silly mapToRegistry   type: 'tag' }
47 silly mapToRegistry uri https://registry.npmjs.org/now
48 verbose addNameTag registry:https://registry.npmjs.org/now not in flight; fetching
49 verbose get https://registry.npmjs.org/now not expired, no request
50 silly addNameTag next cb for now with tag latest
51 silly addNamed now@15.1.0
52 verbose addNamed "15.1.0" is a plain semver version for now
53 silly mapToRegistry name now
54 silly mapToRegistry using default registry
55 silly mapToRegistry registry https://registry.npmjs.org/
56 silly mapToRegistry data Result {
56 silly mapToRegistry   raw: 'now',
56 silly mapToRegistry   scope: null,
56 silly mapToRegistry   escapedName: 'now',
56 silly mapToRegistry   name: 'now',
56 silly mapToRegistry   rawSpec: '',
56 silly mapToRegistry   spec: 'latest',
56 silly mapToRegistry   type: 'tag' }
57 silly mapToRegistry uri https://registry.npmjs.org/now
58 verbose addRemoteTarball https://registry.npmjs.org/now/-/now-15.1.0.tgz not in flight; adding
59 verbose addRemoteTarball [ 'https://registry.npmjs.org/now/-/now-15.1.0.tgz',
59 verbose addRemoteTarball   'c426ff154bab9541e0b1a002e0a2a1d37ede07fb' ]
60 info retry fetch attempt 1 at 9:17:05 AM
61 info attempt registry request try #1 at 9:17:05 AM
62 http fetch GET https://registry.npmjs.org/now/-/now-15.1.0.tgz
63 http fetch 200 https://registry.npmjs.org/now/-/now-15.1.0.tgz
64 silly fetchAndShaCheck shasum c426ff154bab9541e0b1a002e0a2a1d37ede07fb
65 verbose addTmpTarball /tmp/npm-8798-7f2466c0/registry.npmjs.org/now/-/now-15.1.0.tgz not in flight; adding
66 verbose addTmpTarball already have metadata; skipping unpack for now@15.1.0
67 verbose correctMkdir /home/rexagod/.npm correctMkdir not in flight; initializing
68 silly cache afterAdd now@15.1.0
69 verbose afterAdd /home/rexagod/.npm/now/15.1.0/package/package.json not in flight; writing
70 verbose correctMkdir /home/rexagod/.npm correctMkdir not in flight; initializing
71 verbose afterAdd /home/rexagod/.npm/now/15.1.0/package/package.json written
72 silly loadAllDepsIntoIdealTree Finishing
73 silly loadIdealTree Finishing
74 silly currentTree lib
75 silly idealTree lib
75 silly idealTree └── now@15.1.0
76 silly generateActionsToTake Starting
77 silly install generateActionsToTake
78 silly generateActionsToTake Finishing
79 silly diffTrees action count 1
80 silly diffTrees add now@15.1.0
81 silly decomposeActions action count 8
82 silly decomposeActions fetch now@15.1.0
83 silly decomposeActions extract now@15.1.0
84 silly decomposeActions test now@15.1.0
85 silly decomposeActions preinstall now@15.1.0
86 silly decomposeActions build now@15.1.0
87 silly decomposeActions install now@15.1.0
88 silly decomposeActions postinstall now@15.1.0
89 silly decomposeActions finalize now@15.1.0
90 silly runTopLevelLifecycles Starting
91 silly executeActions Starting
92 silly install executeActions
93 silly doSerial global-install 0
94 silly doParallel fetch 1
95 verbose correctMkdir /home/rexagod/.npm/_locks correctMkdir not in flight; initializing
96 verbose lock using /home/rexagod/.npm/_locks/staging-a3b61e2ffa32e92f.lock for /home/rexagod/.nvm/versions/node/v6.17.1/lib/node_modules/.staging
97 silly doParallel extract 1
98 silly extract now@15.1.0
99 verbose unbuild lib/node_modules/.staging/now-2890ed3e
100 silly gentlyRm /home/rexagod/.nvm/versions/node/v6.17.1/lib/node_modules/.staging/now-2890ed3e is being purged from base /home/rexagod/.nvm/versions/node/v6.17.1
101 verbose gentlyRm don't care about contents; nuking /home/rexagod/.nvm/versions/node/v6.17.1/lib/node_modules/.staging/now-2890ed3e
102 verbose tar unpack /home/rexagod/.npm/now/15.1.0/package.tgz
103 verbose tar unpacking to /home/rexagod/.nvm/versions/node/v6.17.1/lib/node_modules/.staging/now-2890ed3e
104 silly gentlyRm /home/rexagod/.nvm/versions/node/v6.17.1/lib/node_modules/.staging/now-2890ed3e is being purged
105 verbose gentlyRm don't care about contents; nuking /home/rexagod/.nvm/versions/node/v6.17.1/lib/node_modules/.staging/now-2890ed3e
106 silly gunzTarPerm modes [ '777', '666' ]
107 silly gunzTarPerm extractEntry package.json
108 silly gunzTarPerm modified mode [ 'package.json', 420, 438 ]
109 silly gunzTarPerm extractEntry LICENSE
110 silly gunzTarPerm modified mode [ 'LICENSE', 420, 438 ]
111 silly gunzTarPerm extractEntry README.md
112 silly gunzTarPerm modified mode [ 'README.md', 420, 438 ]
113 silly gunzTarPerm extractEntry download/dist/index.js
114 silly gunzTarPerm modified mode [ 'download/dist/index.js', 420, 438 ]
115 silly gunzTarPerm extractEntry download/dist/now
116 silly gunzTarPerm modified mode [ 'download/dist/now', 420, 438 ]
117 silly gunzTarPerm extractEntry download/install.js
118 silly gunzTarPerm modified mode [ 'download/install.js', 420, 438 ]
119 silly gentlyRm /home/rexagod/.nvm/versions/node/v6.17.1/lib/node_modules/.staging/now-2890ed3e/node_modules is being purged
120 verbose gentlyRm don't care about contents; nuking /home/rexagod/.nvm/versions/node/v6.17.1/lib/node_modules/.staging/now-2890ed3e/node_modules
121 silly doParallel preinstall 1
122 silly preinstall now@15.1.0 /home/rexagod/.nvm/versions/node/v6.17.1/lib/node_modules/.staging/now-2890ed3e
123 info lifecycle now@15.1.0~preinstall: now@15.1.0
124 silly lifecycle now@15.1.0~preinstall: no script for preinstall, continuing
125 silly doReverseSerial remove 0
126 silly doSerial move 0
127 silly doSerial finalize 1
128 silly finalize /home/rexagod/.nvm/versions/node/v6.17.1/lib/node_modules/now
129 silly doSerial build 1
130 silly build now@15.1.0
131 info linkStuff now@15.1.0
132 silly linkStuff now@15.1.0 has /home/rexagod/.nvm/versions/node/v6.17.1/lib/node_modules as its parent node_modules
133 silly linkStuff now@15.1.0 is part of a global install
134 silly linkStuff now@15.1.0 is installed into a global node_modules
135 silly linkStuff now@15.1.0 is installed into the top-level global node_modules
136 verbose linkBins now@15.1.0
137 verbose link bins [ { now: 'download/dist/now' },
137 verbose link bins   '/home/rexagod/.nvm/versions/node/v6.17.1/bin',
137 verbose link bins   true ]
138 verbose linkMans now@15.1.0
139 silly gentlyRm /home/rexagod/.nvm/versions/node/v6.17.1/bin/now is being gently removed
140 silly doSerial global-link 0
141 silly doParallel update-linked 0
142 silly doSerial install 1
143 silly install now@15.1.0 /home/rexagod/.nvm/versions/node/v6.17.1/lib/node_modules/.staging/now-2890ed3e
144 info lifecycle now@15.1.0~install: now@15.1.0
145 silly lifecycle now@15.1.0~install: no script for install, continuing
146 silly doSerial postinstall 1
147 silly postinstall now@15.1.0 /home/rexagod/.nvm/versions/node/v6.17.1/lib/node_modules/.staging/now-2890ed3e
148 info lifecycle now@15.1.0~postinstall: now@15.1.0
149 verbose lifecycle now@15.1.0~postinstall: unsafe-perm in lifecycle true
150 verbose lifecycle now@15.1.0~postinstall: PATH: /home/rexagod/.nvm/versions/node/v6.17.1/lib/node_modules/npm/bin/node-gyp-bin:/home/rexagod/.nvm/versions/node/v6.17.1/lib/node_modules/now/node_modules/.bin:/home/rexagod/.nvm/versions/node/v6.17.1/lib/node_modules/.bin:/home/rexagod/.nvm/versions/node/v6.17.1/bin:/home/rexagod/.rvm/gems/ruby-2.4.6/bin:/home/rexagod/.rvm/gems/ruby-2.4.6@global/bin:/home/rexagod/.rvm/rubies/ruby-2.4.6/bin:/usr/local/sbin:/usr/local/bin:/usr/sbin:/usr/bin:/sbin:/bin:/usr/games:/usr/local/games:/mnt/c/Program Files (x86)/Intel/Intel(R) Management Engine Components/iCLS:/mnt/c/Program Files/Intel/Intel(R) Management Engine Components/iCLS:/mnt/c/Windows/System32:/mnt/c/Windows:/mnt/c/Windows/System32/wbem:/mnt/c/Windows/System32/WindowsPowerShell/v1.0:/mnt/c/Windows/System32/OpenSSH:/mnt/c/Program Files (x86)/NVIDIA Corporation/PhysX/Common:/mnt/c/Program Files/Intel/WiFi/bin:/mnt/c/Program Files/Common Files/Intel/WirelessCommon:/mnt/c/Program Files (x86)/Intel/Intel(R) Management Engine Components/DAL:/mnt/c/Program Files/Intel/Intel(R) Management Engine Components/DAL:/mnt/c/Program Files (x86)/Intel/Intel(R) Management Engine Components/IPT:/mnt/c/Program Files/Intel/Intel(R) Management Engine Components/IPT:/mnt/c/Program Files/NVIDIA Corporation/NVIDIA NvDLISR:/mnt/c/Program Files/Git/cmd:/mnt/c/ProgramData/chocolatey/bin:/mnt/c/Program Files/nodejs:/mnt/c/Users/Rexagod/AppData/Local/Microsoft/WindowsApps:/mnt/c/Users/Rexagod/AppData/Local/hyper/app-2.1.2/resources/bin:/mnt/c/Users/Rexagod/AppData/Local/Programs/Microsoft VS Code/bin:/mnt/c/Users/Rexagod/AppData/Roaming/npm:/snap/bin:/home/rexagod/.rvm/bin:/home/rexagod/.rvm/bin
151 verbose lifecycle now@15.1.0~postinstall: CWD: /home/rexagod/.nvm/versions/node/v6.17.1/lib/node_modules/now
152 silly lifecycle now@15.1.0~postinstall: Args: [ '-c', 'node download/install.js' ]
153 silly lifecycle now@15.1.0~postinstall: Returned: code: 1  signal: null
154 info lifecycle now@15.1.0~postinstall: Failed to exec postinstall script
155 verbose unlock done using /home/rexagod/.npm/_locks/staging-a3b61e2ffa32e92f.lock for /home/rexagod/.nvm/versions/node/v6.17.1/lib/node_modules/.staging
156 silly rollbackFailedOptional Starting
157 silly rollbackFailedOptional Finishing
158 silly runTopLevelLifecycles Finishing
159 silly install printInstalled
160 verbose stack Error: now@15.1.0 postinstall: `node download/install.js`
160 verbose stack Exit status 1
160 verbose stack     at EventEmitter.<anonymous> (/home/rexagod/.nvm/versions/node/v6.17.1/lib/node_modules/npm/lib/utils/lifecycle.js:255:16)
160 verbose stack     at emitTwo (events.js:106:13)
160 verbose stack     at EventEmitter.emit (events.js:191:7)
160 verbose stack     at ChildProcess.<anonymous> (/home/rexagod/.nvm/versions/node/v6.17.1/lib/node_modules/npm/lib/utils/spawn.js:40:14)
160 verbose stack     at emitTwo (events.js:106:13)
160 verbose stack     at ChildProcess.emit (events.js:191:7)
160 verbose stack     at maybeClose (internal/child_process.js:920:16)
160 verbose stack     at Process.ChildProcess._handle.onexit (internal/child_process.js:230:5)
161 verbose pkgid now@15.1.0
162 verbose cwd /mnt/c/Users/Rexagod/Documents/workspace/ime
163 error Linux 4.4.0-17134-Microsoft
164 error argv "/home/rexagod/.nvm/versions/node/v6.17.1/bin/node" "/home/rexagod/.nvm/versions/node/v6.17.1/bin/npm" "i" "-g" "now"
165 error node v6.17.1
166 error npm  v3.10.10
167 error code ELIFECYCLE
168 error now@15.1.0 postinstall: `node download/install.js`
168 error Exit status 1
169 error Failed at the now@15.1.0 postinstall script 'node download/install.js'.
169 error Make sure you have the latest version of node.js and npm installed.
169 error If you do, this is most likely a problem with the now package,
169 error not with npm itself.
169 error Tell the author that this fails on your system:
169 error     node download/install.js
169 error You can get information on how to open an issue for this project with:
169 error     npm bugs now
169 error Or if that isn't available, you can get their info via:
169 error     npm owner ls now
169 error There is likely additional logging output above.
170 verbose exit [ 1, true ]
